<?xml version="1.0" encoding="UTF-8"?>
<!-- Generated by org.testng.reporters.JUnitReportReporter -->
<testsuite hostname="DESKTOP-QV1V0CM" failures="0" tests="1" name="com.tutorialsninja.qa.testcases.SearchTest" time="9.745" errors="0" timestamp="2023-03-30T12:46:51 IST" skipped="0">
  <testcase classname="com.tutorialsninja.qa.testcases.SearchTest" name="verifySearchWithValidProduct" time="9.745"/>
  <system-out/>
</testsuite> <!-- com.tutorialsninja.qa.testcases.SearchTest -->
